***PATIENT RECORD INFORMATION***

__NAMES__

John
James
Robert
Michael
William
David
Richard
Charles
Joseph
Thomas

end
__DIAGNOSIS__

Lukemia
Muscular Distraphy
Cancer
Bumps all over body

end
__ALLERGIES__

Nuts
Bee Stings
Mushrooms

end
__ROOM__

232
001
042
237
834
241
635
772
745

end
__AGE__

15
64
88
23
43
27
90
46
64

end
***MEDICATION INFORMATION***

__MEDICATIONNAME__

Accolate
Kantrex
Palivizumab
Halaven
Insuline
Morphine
Cocaine

end
__DOSAGE__

5
10
43
23
12
53

end
__MEDICATIONDUETIMES__

10AM
12AM
4PM
3PM
12PM
5PM

end
__ROUTEOFMEDICATION__

Injection
Pills
Patch

end

***MEDICATION INFORMATION***

__DATE__
12/23/2013
04/05/2013
05/05/2013

end
__TIME__
10am
12am
2pm
4pm
7pm
9pm

end
__FOLLOWUP__
10am
12am
2pm
4pm
7pm
9pm

end
__INITALS__

SK
AS
RH
JD
JK

end